[2024-12-29T18:32:17.837Z] ERROR: Error logging in user with email alexandra.manica24@gmail.com: secretOrPrivateKey must have a value
[2024-12-29T18:33:35.865Z] ERROR: Error logging in user with email alexandra.manica24@gmail.com: secretOrPrivateKey must have a value
[2024-12-30T21:51:09.009Z] ERROR: Error fetching attraction with ID undefined:
[2025-01-03T11:35:36.755Z] ERROR: Error generating attractions:
[2025-01-03T11:35:58.201Z] ERROR: Error generating attractions:
[2025-01-03T11:38:26.566Z] ERROR: Error generating attractions:
[2025-01-03T12:40:41.804Z] ERROR: Error adding new attraction:
[2025-01-03T12:41:32.526Z] ERROR: Error adding new attraction:
[2025-01-03T13:37:56.474Z] ERROR: Error adding new attraction:
[2025-01-03T13:38:53.142Z] ERROR: Error adding new attraction:
[2025-01-03T13:39:43.189Z] ERROR: Error adding new attraction:
[2025-01-03T13:40:15.865Z] ERROR: Error adding new attraction:
[2025-01-03T13:41:26.745Z] ERROR: Error adding new attraction:
[2025-01-03T15:14:10.540Z] ERROR: Error deleting attraction with ID HOMXSjwH70dLQWyAiuz5:
[2025-01-03T15:14:35.819Z] ERROR: Error deleting attraction with ID HOMXSjwH70dLQWyAiuz5:
[2025-01-03T15:51:35.086Z] ERROR: Error generating activities:
[2025-01-03T15:56:06.601Z] ERROR: Error generating activities:
[2025-01-03T16:33:58.993Z] ERROR: Error generating restaurants:
[2025-01-03T16:34:05.550Z] ERROR: Error generating restaurants:
[2025-01-03T16:34:56.328Z] ERROR: Error generating restaurants:
[2025-01-03T16:40:06.002Z] ERROR: Error generating restaurants:
[2025-01-03T16:40:15.439Z] ERROR: Error generating restaurants:
[2025-01-03T16:42:00.837Z] ERROR: Error generating restaurants:
[2025-01-03T16:42:29.160Z] ERROR: Error generating restaurants:
